[debug] [2023-05-13T10:15:57.865Z] ----------------------------------------------------------------------
[debug] [2023-05-13T10:15:57.866Z] Command:       /Users/alejandrocorrea/.nvm/versions/node/v19.3.0/bin/node /Users/alejandrocorrea/.nvm/versions/node/v19.3.0/bin/firebase init
[debug] [2023-05-13T10:15:57.867Z] CLI Version:   12.0.0
[debug] [2023-05-13T10:15:57.867Z] Platform:      darwin
[debug] [2023-05-13T10:15:57.867Z] Node Version:  v19.3.0
[debug] [2023-05-13T10:15:57.867Z] Time:          Sat May 13 2023 12:15:57 GMT+0200 (hora de verano de Europa central)
[debug] [2023-05-13T10:15:57.867Z] ----------------------------------------------------------------------
[debug] 
[debug] [2023-05-13T10:15:57.869Z] > command requires scopes: ["email","openid","https://www.googleapis.com/auth/cloudplatformprojects.readonly","https://www.googleapis.com/auth/firebase","https://www.googleapis.com/auth/cloud-platform"]
[debug] [2023-05-13T10:15:57.869Z] > authorizing via signed-in user (alejandro.correa.godoy@gmail.com)
[info] 
     ######## #### ########  ######## ########     ###     ######  ########
     ##        ##  ##     ## ##       ##     ##  ##   ##  ##       ##
     ######    ##  ########  ######   ########  #########  ######  ######
     ##        ##  ##    ##  ##       ##     ## ##     ##       ## ##
     ##       #### ##     ## ######## ########  ##     ##  ######  ########

You're about to initialize a Firebase project in this directory:

  /Users/alejandrocorrea/Desktop/Escritorio2022/React/JBP/juan-ballarino-pflio

[info] 
=== Project Setup
[info] 
[info] First, let's associate this project directory with a Firebase project.
[info] You can create multiple project aliases by running firebase use --add, 
[info] but for now we'll just set up a default project.
[info] 
[debug] [2023-05-13T10:17:09.879Z] >>> [apiv2][query] GET https://firebase.googleapis.com/v1beta1/projects pageSize=100
[debug] [2023-05-13T10:17:10.678Z] <<< [apiv2][status] GET https://firebase.googleapis.com/v1beta1/projects 200
[debug] [2023-05-13T10:17:10.678Z] <<< [apiv2][body] GET https://firebase.googleapis.com/v1beta1/projects [omitted]
[info] i  Using project juan-ballarino-architect (juan-ballarino-architect) 
[info] 
=== Hosting Setup
[info] 
[info] Your public directory is the folder (relative to your project directory) that
[info] will contain Hosting assets to be uploaded with firebase deploy. If you
[info] have a build process for your assets, use your build's output directory.
[info] 
[debug] [2023-05-13T10:20:16.933Z] >>> [apiv2][query] GET https://www.gstatic.com/firebasejs/releases.json [none]
[debug] [2023-05-13T10:20:17.013Z] <<< [apiv2][status] GET https://www.gstatic.com/firebasejs/releases.json 200
[debug] [2023-05-13T10:20:17.013Z] <<< [apiv2][body] GET https://www.gstatic.com/firebasejs/releases.json {"current":{"version":"9.22.0","browserURL":"https://www.gstatic.com/firebasejs/9.22.0/firebase.js","packageURL":"https://www.gstatic.com/firebasejs/9.22.0/firebase.tgz"},"live":{"version":"9.22","browserURL":"https://www.gstatic.com/firebasejs/live/9.22/firebase.js","packageURL":"https://www.gstatic.com/firebasejs/live/9.22/firebase.tgz"},"components":{"analytics":"https://www.gstatic.com/firebasejs/9.22.0/firebase-analytics.js","app":"https://www.gstatic.com/firebasejs/9.22.0/firebase-app.js","app-check":"https://www.gstatic.com/firebasejs/9.22.0/firebase-app-check.js","auth":"https://www.gstatic.com/firebasejs/9.22.0/firebase-auth.js","auth/cordova":"https://www.gstatic.com/firebasejs/9.22.0/firebase-auth/cordova.js","auth/react-native":"https://www.gstatic.com/firebasejs/9.22.0/firebase-auth/react-native.js","functions":"https://www.gstatic.com/firebasejs/9.22.0/firebase-functions.js","firestore":"https://www.gstatic.com/firebasejs/9.22.0/firebase-firestore.js","firestore/lite":"https://www.gstatic.com/firebasejs/9.22.0/firebase-firestore/lite.js","installations":"https://www.gstatic.com/firebasejs/9.22.0/firebase-installations.js","storage":"https://www.gstatic.com/firebasejs/9.22.0/firebase-storage.js","performance":"https://www.gstatic.com/firebasejs/9.22.0/firebase-performance.js","remote-config":"https://www.gstatic.com/firebasejs/9.22.0/firebase-remote-config.js","messaging":"https://www.gstatic.com/firebasejs/9.22.0/firebase-messaging.js","messaging/sw":"https://www.gstatic.com/firebasejs/9.22.0/firebase-messaging/sw.js","database":"https://www.gstatic.com/firebasejs/9.22.0/firebase-database.js","firestore.memory":"https://www.gstatic.com/firebasejs/9.22.0/firebase-firestore.memory.js"}}
[info] ✔  Wrote public/index.html 
[info] 
[info] i  Detected a .git folder at /Users/alejandrocorrea/Desktop/Escritorio2022/React/JBP/juan-ballarino-pflio 
[info] i  Authorizing with GitHub to upload your service account to a GitHub repository's secrets store. 
[info] 
[info] Visit this URL on this device to log in:
[info] https://github.com/login/oauth/authorize?client_id=89cf50f02ac6aaed3484&state=680866236&redirect_uri=http%3A%2F%2Flocalhost%3A9005&scope=read%3Auser%20repo%20public_repo
[info] 
[info] Waiting for authentication...
[debug] [2023-05-13T12:47:59.465Z] >>> [apiv2][query] POST https://github.com/login/oauth/access_token [none]
[debug] [2023-05-13T12:47:59.467Z] >>> [apiv2][body] POST https://github.com/login/oauth/access_token [stream]
[debug] [2023-05-13T12:47:59.879Z] <<< [apiv2][status] POST https://github.com/login/oauth/access_token 200
[debug] [2023-05-13T12:47:59.879Z] <<< [apiv2][body] POST https://github.com/login/oauth/access_token {"access_token":"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","token_type":"bearer","scope":"read:user,repo"}
[debug] [2023-05-13T12:47:59.894Z] >>> [apiv2][query] GET https://api.github.com/user [none]
[debug] [2023-05-13T12:48:00.292Z] <<< [apiv2][status] GET https://api.github.com/user 200
[debug] [2023-05-13T12:48:00.292Z] <<< [apiv2][body] GET https://api.github.com/user {"login":"alecorreagodoy","id":38817496,"node_id":"MDQ6VXNlcjM4ODE3NDk2","avatar_url":"https://avatars.githubusercontent.com/u/38817496?v=4","gravatar_id":"","url":"https://api.github.com/users/alecorreagodoy","html_url":"https://github.com/alecorreagodoy","followers_url":"https://api.github.com/users/alecorreagodoy/followers","following_url":"https://api.github.com/users/alecorreagodoy/following{/other_user}","gists_url":"https://api.github.com/users/alecorreagodoy/gists{/gist_id}","starred_url":"https://api.github.com/users/alecorreagodoy/starred{/owner}{/repo}","subscriptions_url":"https://api.github.com/users/alecorreagodoy/subscriptions","organizations_url":"https://api.github.com/users/alecorreagodoy/orgs","repos_url":"https://api.github.com/users/alecorreagodoy/repos","events_url":"https://api.github.com/users/alecorreagodoy/events{/privacy}","received_events_url":"https://api.github.com/users/alecorreagodoy/received_events","type":"User","site_admin":false,"name":"Alejandro Correa","company":"@travellerargento","blog":"","location":"Hannover, Germany","email":null,"hireable":true,"bio":"writing a new code","twitter_username":null,"public_repos":25,"public_gists":0,"followers":8,"following":9,"created_at":"2018-04-28T18:31:38Z","updated_at":"2023-05-06T05:56:08Z","private_gists":1,"total_private_repos":6,"owned_private_repos":6,"disk_usage":109339,"collaborators":0,"two_factor_authentication":false,"plan":{"name":"free","space":976562499,"collaborators":0,"private_repos":10000}}
[info] 
[info] ✔  Success! Logged into GitHub as alecorreagodoy 
[info] 
[debug] [2023-05-13T12:51:07.933Z] >>> [apiv2][query] GET https://api.github.com/repos//actions/secrets/public-key type=owner
[debug] [2023-05-13T12:51:08.149Z] <<< [apiv2][status] GET https://api.github.com/repos//actions/secrets/public-key 404
[debug] [2023-05-13T12:51:08.149Z] <<< [apiv2][body] GET https://api.github.com/repos//actions/secrets/public-key {"message":"Not Found","documentation_url":"https://docs.github.com/rest"}
[info] 
[info] 
[error] ⚠  The provided authorization cannot be used with this repository. If this repository is in an organization, did you remember to grant access? 
[info] 
[info] i  Action required: Visit this URL to ensure access has been granted to the appropriate organization(s) for the Firebase CLI GitHub OAuth App: 
[info] https://github.com/settings/connections/applications/89cf50f02ac6aaed3484
[info] 
[debug] [2023-05-13T12:53:10.494Z] >>> [apiv2][query] GET https://api.github.com/repos/alecorrea/https://github.com/alecorreagodoy/JBA.git/actions/secrets/public-key type=owner
[debug] [2023-05-13T12:53:10.717Z] <<< [apiv2][status] GET https://api.github.com/repos/alecorrea/https://github.com/alecorreagodoy/JBA.git/actions/secrets/public-key 404
[debug] [2023-05-13T12:53:10.718Z] <<< [apiv2][body] GET https://api.github.com/repos/alecorrea/https://github.com/alecorreagodoy/JBA.git/actions/secrets/public-key {"message":"Not Found","documentation_url":"https://docs.github.com/rest"}
[info] 
[info] 
[error] ⚠  The provided authorization cannot be used with this repository. If this repository is in an organization, did you remember to grant access? 
[info] 
[info] i  Action required: Visit this URL to ensure access has been granted to the appropriate organization(s) for the Firebase CLI GitHub OAuth App: 
[info] https://github.com/settings/connections/applications/89cf50f02ac6aaed3484
[info] 
[debug] [2023-05-13T12:53:48.167Z] >>> [apiv2][query] GET https://api.github.com/repos/repository/actions/secrets/public-key type=owner
[debug] [2023-05-13T12:53:48.392Z] <<< [apiv2][status] GET https://api.github.com/repos/repository/actions/secrets/public-key 404
[debug] [2023-05-13T12:53:48.392Z] <<< [apiv2][body] GET https://api.github.com/repos/repository/actions/secrets/public-key {"message":"Not Found","documentation_url":"https://docs.github.com/rest"}
[info] 
[info] 
[error] ⚠  The provided authorization cannot be used with this repository. If this repository is in an organization, did you remember to grant access? 
[info] 
[info] i  Action required: Visit this URL to ensure access has been granted to the appropriate organization(s) for the Firebase CLI GitHub OAuth App: 
[info] https://github.com/settings/connections/applications/89cf50f02ac6aaed3484
[info] 
